<?xml version="1.0" encoding="UTF-8"?>
<!-- Generated by org.testng.reporters.JUnitReportReporter -->
<testsuite hostname="DESKTOP-9FVL58H" failures="0" tests="5" name="featurebuggytesting.FeatureBuggyCar" time="27.556" errors="0" timestamp="2022-11-24T00:49:12 IST" skipped="0">
  <testcase classname="featurebuggytesting.FeatureBuggyCar" name="BCR_Register" time="3.777"/>
  <system-out/>
  <testcase classname="featurebuggytesting.FeatureBuggyCar" name="BCR_Login" time="3.224"/>
  <system-out/>
  <testcase classname="featurebuggytesting.FeatureBuggyCar" name="BCR_VotingPopularModel" time="13.913"/>
  <system-out/>
  <testcase classname="featurebuggytesting.FeatureBuggyCar" name="ModelDetails" time="6.423"/>
  <system-out/>
  <testcase classname="featurebuggytesting.FeatureBuggyCar" name="BCR_Logout" time="0.219"/>
  <system-out/>
</testsuite> <!-- featurebuggytesting.FeatureBuggyCar -->
